INFO:root:Run date: 2019-05-29
DEBUG:root:CLI inputs are vcf A.N.Other@example.com ['test.vcf'] clinotator
INFO:root:Starting on test.vcf
CRITICAL:root: <class 'FileNotFoundError'>. [Errno 2] No such file or directory: 'test.vcf', line: 85
DEBUG:root:the total # of query_results: 0
DEBUG:root:the total # of variant_objects: 0
INFO:root:Run date: 2019-05-29
DEBUG:root:CLI inputs are vcf A.N.Other@example.com ['test/test.vcf'] clinotator
INFO:root:Starting on test/test.vcf
DEBUG:root:Initial header: 18 INFO lines: 6 Final header: 31
DEBUG:root:vcf_tbl shape -> (11, 11)
DEBUG:root:rsid list -> ['118161496' '180177040' '34376836' '6040355' '6054257' '766877230']
DEBUG:root:total rsIDs to post: 6
INFO:root:Looking up VIDs for rsIDs 1 to 6
DEBUG:root:epost to ncbi using kwargs: {'db': 'snp', 'id': '118161496,180177040,34376836,6040355,6054257,766877230'}
DEBUG:root:returned webenv: NCID_1_9820423_130.14.18.97_9001_1559182427_1090825979_0MetA0_S_MegaStore and query key: 1
DEBUG:root:elink run with {'webenv': 'NCID_1_9820423_130.14.18.97_9001_1559182427_1090825979_0MetA0_S_MegaStore', 'query_key': '1', 'db': 'clinvar', 'dbfrom': 'snp', 'linkname': 'snp_clinvar'}
DEBUG:root:epost to ncbi using kwargs: {'db': 'clinvar', 'id': '262232,211895,55794,50317,13979,7'}
DEBUG:root:returned webenv: NCID_1_47351529_130.14.22.33_9001_1559182428_1710430695_0MetA0_S_MegaStore and query key: 1
INFO:root:Going to download record 1 to 6
DEBUG:root:efetch run with {'retstart': 0, 'db': 'clinvar', 'rettype': 'variation', 'retmax': 4500, 'webenv': 'NCID_1_47351529_130.14.22.33_9001_1559182428_1710430695_0MetA0_S_MegaStore', 'query_key': '1'}
CRITICAL:root: <class 'urllib.error.HTTPError'>. HTTP Error 429: Too Many Requests, line: 100
DEBUG:root:the total # of query_results: 0
DEBUG:root:the total # of variant_objects: 0
